This file contains any messages produced by compilers while
running configure, to aid debugging if configure makes a mistake.

It was created by vscpl1drv-socketcan configure '1.1.0', which was
generated by GNU Autoconf 2.69.  Invocation command line was

  $ ./configure 

## --------- ##
## Platform. ##
## --------- ##

hostname = fluorine
uname -m = x86_64
uname -r = 5.3.0-40-generic
uname -s = Linux
uname -v = #32-Ubuntu SMP Fri Jan 31 20:24:34 UTC 2020

/usr/bin/uname -p = x86_64
/bin/uname -X     = unknown

/bin/arch              = x86_64
/usr/bin/arch -k       = unknown
/usr/convex/getsysinfo = unknown
/usr/bin/hostinfo      = unknown
/bin/machine           = unknown
/usr/bin/oslevel       = unknown
/bin/universe          = unknown

PATH: /home/akhe/development/esp-open-sdk/xtensa-lx106-elf/bin
PATH: /home/akhe/.local/bin
PATH: /home/akhe/bin
PATH: /home/akhe/development/esp-open-sdk/xtensa-lx106-elf/bin
PATH: /home/akhe/.nvm/versions/node/v12.16.1/bin
PATH: /home/akhe/.local/bin
PATH: /home/akhe/bin
PATH: /usr/local/sbin
PATH: /usr/local/bin
PATH: /usr/sbin
PATH: /usr/bin
PATH: /sbin
PATH: /bin
PATH: /usr/games
PATH: /usr/local/games
PATH: /snap/bin
PATH: /home/akhe/bin
PATH: /opt/eagle-6.6.0/bin
PATH: /home/akhe/android-studio/bin
PATH: /home/akhe/bin
PATH: /opt/eagle-6.6.0/bin
PATH: /home/akhe/android-studio/bin


## ----------- ##
## Core tests. ##
## ----------- ##

configure:2455: checking whether to enable debugging
configure:2492: result: no
configure:2576: checking for g++
configure:2592: found /usr/bin/g++
configure:2603: result: g++
configure:2630: checking for C++ compiler version
configure:2639: g++ --version >&5
g++ (Ubuntu 9.2.1-9ubuntu2) 9.2.1 20191008
Copyright (C) 2019 Free Software Foundation, Inc.
This is free software; see the source for copying conditions.  There is NO
warranty; not even for MERCHANTABILITY or FITNESS FOR A PARTICULAR PURPOSE.

configure:2650: $? = 0
configure:2639: g++ -v >&5
Using built-in specs.
COLLECT_GCC=g++
COLLECT_LTO_WRAPPER=/usr/lib/gcc/x86_64-linux-gnu/9/lto-wrapper
OFFLOAD_TARGET_NAMES=nvptx-none:hsa
OFFLOAD_TARGET_DEFAULT=1
Target: x86_64-linux-gnu
Configured with: ../src/configure -v --with-pkgversion='Ubuntu 9.2.1-9ubuntu2' --with-bugurl=file:///usr/share/doc/gcc-9/README.Bugs --enable-languages=c,ada,c++,go,brig,d,fortran,objc,obj-c++,gm2 --prefix=/usr --with-gcc-major-version-only --program-suffix=-9 --program-prefix=x86_64-linux-gnu- --enable-shared --enable-linker-build-id --libexecdir=/usr/lib --without-included-gettext --enable-threads=posix --libdir=/usr/lib --enable-nls --enable-bootstrap --enable-clocale=gnu --enable-libstdcxx-debug --enable-libstdcxx-time=yes --with-default-libstdcxx-abi=new --enable-gnu-unique-object --disable-vtable-verify --enable-plugin --enable-default-pie --with-system-zlib --with-target-system-zlib=auto --enable-multiarch --disable-werror --with-arch-32=i686 --with-abi=m64 --with-multilib-list=m32,m64,mx32 --enable-multilib --with-tune=generic --enable-offload-targets=nvptx-none,hsa --without-cuda-driver --enable-checking=release --build=x86_64-linux-gnu --host=x86_64-linux-gnu --target=x86_64-linux-gnu
Thread model: posix
gcc version 9.2.1 20191008 (Ubuntu 9.2.1-9ubuntu2) 
configure:2650: $? = 0
configure:2639: g++ -V >&5
g++: error: unrecognized command line option '-V'
g++: fatal error: no input files
compilation terminated.
configure:2650: $? = 1
configure:2639: g++ -qversion >&5
g++: error: unrecognized command line option '-qversion'; did you mean '--version'?
g++: fatal error: no input files
compilation terminated.
configure:2650: $? = 1
configure:2670: checking whether the C++ compiler works
configure:2692: g++    conftest.cpp  >&5
configure:2696: $? = 0
configure:2744: result: yes
configure:2747: checking for C++ compiler default output file name
configure:2749: result: a.out
configure:2755: checking for suffix of executables
configure:2762: g++ -o conftest    conftest.cpp  >&5
configure:2766: $? = 0
configure:2788: result: 
configure:2810: checking whether we are cross compiling
configure:2818: g++ -o conftest    conftest.cpp  >&5
configure:2822: $? = 0
configure:2829: ./conftest
configure:2833: $? = 0
configure:2821: result: no
configure:2826: checking for suffix of object files
configure:2848: g++ -c   conftest.cpp >&5
configure:2852: $? = 0
configure:2873: result: o
configure:2877: checking whether we are using the GNU C++ compiler
configure:2896: g++ -c   conftest.cpp >&5
configure:2896: $? = 0
configure:2905: result: yes
configure:2914: checking whether g++ accepts -g
configure:2934: g++ -c -g  conftest.cpp >&5
configure:2934: $? = 0
configure:2975: result: yes
configure:3002: checking for gawk
configure:3032: result: no
configure:3002: checking for mawk
configure:3018: found /usr/bin/mawk
configure:3029: result: mawk
configure:3044: checking for bison
configure:3074: result: no
configure:3044: checking for byacc
configure:3074: result: no
configure:3131: checking for gcc
configure:3147: found /usr/bin/gcc
configure:3158: result: gcc
configure:3387: checking for C compiler version
configure:3396: gcc --version >&5
gcc (Ubuntu 9.2.1-9ubuntu2) 9.2.1 20191008
Copyright (C) 2019 Free Software Foundation, Inc.
This is free software; see the source for copying conditions.  There is NO
warranty; not even for MERCHANTABILITY or FITNESS FOR A PARTICULAR PURPOSE.

configure:3407: $? = 0
configure:3396: gcc -v >&5
Using built-in specs.
COLLECT_GCC=gcc
COLLECT_LTO_WRAPPER=/usr/lib/gcc/x86_64-linux-gnu/9/lto-wrapper
OFFLOAD_TARGET_NAMES=nvptx-none:hsa
OFFLOAD_TARGET_DEFAULT=1
Target: x86_64-linux-gnu
Configured with: ../src/configure -v --with-pkgversion='Ubuntu 9.2.1-9ubuntu2' --with-bugurl=file:///usr/share/doc/gcc-9/README.Bugs --enable-languages=c,ada,c++,go,brig,d,fortran,objc,obj-c++,gm2 --prefix=/usr --with-gcc-major-version-only --program-suffix=-9 --program-prefix=x86_64-linux-gnu- --enable-shared --enable-linker-build-id --libexecdir=/usr/lib --without-included-gettext --enable-threads=posix --libdir=/usr/lib --enable-nls --enable-bootstrap --enable-clocale=gnu --enable-libstdcxx-debug --enable-libstdcxx-time=yes --with-default-libstdcxx-abi=new --enable-gnu-unique-object --disable-vtable-verify --enable-plugin --enable-default-pie --with-system-zlib --with-target-system-zlib=auto --enable-multiarch --disable-werror --with-arch-32=i686 --with-abi=m64 --with-multilib-list=m32,m64,mx32 --enable-multilib --with-tune=generic --enable-offload-targets=nvptx-none,hsa --without-cuda-driver --enable-checking=release --build=x86_64-linux-gnu --host=x86_64-linux-gnu --target=x86_64-linux-gnu
Thread model: posix
gcc version 9.2.1 20191008 (Ubuntu 9.2.1-9ubuntu2) 
configure:3407: $? = 0
configure:3396: gcc -V >&5
gcc: error: unrecognized command line option '-V'
gcc: fatal error: no input files
compilation terminated.
configure:3407: $? = 1
configure:3396: gcc -qversion >&5
gcc: error: unrecognized command line option '-qversion'; did you mean '--version'?
gcc: fatal error: no input files
compilation terminated.
configure:3407: $? = 1
configure:3411: checking whether we are using the GNU C compiler
configure:3430: gcc -c   conftest.c >&5
configure:3430: $? = 0
configure:3439: result: yes
configure:3448: checking whether gcc accepts -g
configure:3468: gcc -c -g  conftest.c >&5
configure:3468: $? = 0
configure:3509: result: yes
configure:3526: checking for gcc option to accept ISO C89
configure:3589: gcc  -c   conftest.c >&5
configure:3589: $? = 0
configure:3602: result: none needed
configure:3627: checking how to run the C preprocessor
configure:3658: gcc -E  conftest.c
configure:3658: $? = 0
configure:3672: gcc -E  conftest.c
conftest.c:10:10: fatal error: ac_nonexistent.h: No such file or directory
   10 | #include <ac_nonexistent.h>
      |          ^~~~~~~~~~~~~~~~~~
compilation terminated.
configure:3672: $? = 1
configure: failed program was:
| /* confdefs.h */
| #define PACKAGE_NAME "vscpl1drv-socketcan"
| #define PACKAGE_TARNAME "vscpl1drv-socketcan"
| #define PACKAGE_VERSION "1.1.0"
| #define PACKAGE_STRING "vscpl1drv-socketcan 1.1.0"
| #define PACKAGE_BUGREPORT "akhe@grodansparadis.com"
| #define PACKAGE_URL ""
| #define NDEBUG /**/
| /* end confdefs.h.  */
| #include <ac_nonexistent.h>
configure:3697: result: gcc -E
configure:3717: gcc -E  conftest.c
configure:3717: $? = 0
configure:3731: gcc -E  conftest.c
conftest.c:10:10: fatal error: ac_nonexistent.h: No such file or directory
   10 | #include <ac_nonexistent.h>
      |          ^~~~~~~~~~~~~~~~~~
compilation terminated.
configure:3731: $? = 1
configure: failed program was:
| /* confdefs.h */
| #define PACKAGE_NAME "vscpl1drv-socketcan"
| #define PACKAGE_TARNAME "vscpl1drv-socketcan"
| #define PACKAGE_VERSION "1.1.0"
| #define PACKAGE_STRING "vscpl1drv-socketcan 1.1.0"
| #define PACKAGE_BUGREPORT "akhe@grodansparadis.com"
| #define PACKAGE_URL ""
| #define NDEBUG /**/
| /* end confdefs.h.  */
| #include <ac_nonexistent.h>
configure:3764: checking for flex
configure:3794: result: no
configure:3764: checking for lex
configure:3794: result: no
configure:3933: checking for a BSD-compatible install
configure:4001: result: /usr/bin/install -c
configure:4012: checking whether ln -s works
configure:4016: result: yes
configure:4023: checking whether make sets $(MAKE)
configure:4045: result: yes
configure:4097: checking for ranlib
configure:4113: found /usr/bin/ranlib
configure:4124: result: ranlib
configure:4148: checking for dlsym in -ldl
configure:4173: gcc -o conftest    conftest.c -ldl   >&5
configure:4173: $? = 0
configure:4182: result: yes
configure:4193: checking for pthread_create in -lpthread
configure:4218: gcc -o conftest    conftest.c -lpthread  -ldl  >&5
configure:4218: $? = 0
configure:4227: result: yes
configure:4238: checking for sin in -lm
configure:4263: gcc -o conftest    conftest.c -lm  -lpthread -ldl  >&5
conftest.c:19:6: warning: conflicting types for built-in function 'sin'; expected 'double(double)' [-Wbuiltin-declaration-mismatch]
   19 | char sin ();
      |      ^~~
conftest.c:1:1: note: 'sin' is declared in header '<math.h>'
    1 | /* confdefs.h */
configure:4263: $? = 0
configure:4272: result: yes
configure:4288: checking for dirent.h that defines DIR
configure:4307: gcc -c   conftest.c >&5
configure:4307: $? = 0
configure:4315: result: yes
configure:4328: checking for library containing opendir
configure:4359: gcc -o conftest    conftest.c -lm -lpthread -ldl  >&5
configure:4359: $? = 0
configure:4376: result: none required
configure:4444: checking for grep that handles long lines and -e
configure:4502: result: /usr/bin/grep
configure:4507: checking for egrep
configure:4569: result: /usr/bin/grep -E
configure:4574: checking for ANSI C header files
configure:4594: gcc -c   conftest.c >&5
configure:4594: $? = 0
configure:4667: gcc -o conftest    conftest.c -lm -lpthread -ldl  >&5
configure:4667: $? = 0
configure:4667: ./conftest
configure:4667: $? = 0
configure:4678: result: yes
configure:4686: checking for sys/wait.h that is POSIX.1 compatible
configure:4712: gcc -c   conftest.c >&5
configure:4712: $? = 0
configure:4719: result: yes
configure:4732: checking for sys/types.h
configure:4732: gcc -c   conftest.c >&5
configure:4732: $? = 0
configure:4732: result: yes
configure:4732: checking for sys/stat.h
configure:4732: gcc -c   conftest.c >&5
configure:4732: $? = 0
configure:4732: result: yes
configure:4732: checking for stdlib.h
configure:4732: gcc -c   conftest.c >&5
configure:4732: $? = 0
configure:4732: result: yes
configure:4732: checking for string.h
configure:4732: gcc -c   conftest.c >&5
configure:4732: $? = 0
configure:4732: result: yes
configure:4732: checking for memory.h
configure:4732: gcc -c   conftest.c >&5
configure:4732: $? = 0
configure:4732: result: yes
configure:4732: checking for strings.h
configure:4732: gcc -c   conftest.c >&5
configure:4732: $? = 0
configure:4732: result: yes
configure:4732: checking for inttypes.h
configure:4732: gcc -c   conftest.c >&5
configure:4732: $? = 0
configure:4732: result: yes
configure:4732: checking for stdint.h
configure:4732: gcc -c   conftest.c >&5
configure:4732: $? = 0
configure:4732: result: yes
configure:4732: checking for unistd.h
configure:4732: gcc -c   conftest.c >&5
configure:4732: $? = 0
configure:4732: result: yes
configure:4747: checking OS.h usability
configure:4747: gcc -c   conftest.c >&5
conftest.c:58:10: fatal error: OS.h: No such file or directory
   58 | #include <OS.h>
      |          ^~~~~~
compilation terminated.
configure:4747: $? = 1
configure: failed program was:
| /* confdefs.h */
| #define PACKAGE_NAME "vscpl1drv-socketcan"
| #define PACKAGE_TARNAME "vscpl1drv-socketcan"
| #define PACKAGE_VERSION "1.1.0"
| #define PACKAGE_STRING "vscpl1drv-socketcan 1.1.0"
| #define PACKAGE_BUGREPORT "akhe@grodansparadis.com"
| #define PACKAGE_URL ""
| #define NDEBUG /**/
| #define HAVE_LIBDL 1
| #define HAVE_LIBPTHREAD 1
| #define HAVE_LIBM 1
| #define HAVE_DIRENT_H 1
| #define STDC_HEADERS 1
| #define HAVE_SYS_WAIT_H 1
| #define HAVE_SYS_TYPES_H 1
| #define HAVE_SYS_STAT_H 1
| #define HAVE_STDLIB_H 1
| #define HAVE_STRING_H 1
| #define HAVE_MEMORY_H 1
| #define HAVE_STRINGS_H 1
| #define HAVE_INTTYPES_H 1
| #define HAVE_STDINT_H 1
| #define HAVE_UNISTD_H 1
| /* end confdefs.h.  */
| #include <stdio.h>
| #ifdef HAVE_SYS_TYPES_H
| # include <sys/types.h>
| #endif
| #ifdef HAVE_SYS_STAT_H
| # include <sys/stat.h>
| #endif
| #ifdef STDC_HEADERS
| # include <stdlib.h>
| # include <stddef.h>
| #else
| # ifdef HAVE_STDLIB_H
| #  include <stdlib.h>
| # endif
| #endif
| #ifdef HAVE_STRING_H
| # if !defined STDC_HEADERS && defined HAVE_MEMORY_H
| #  include <memory.h>
| # endif
| # include <string.h>
| #endif
| #ifdef HAVE_STRINGS_H
| # include <strings.h>
| #endif
| #ifdef HAVE_INTTYPES_H
| # include <inttypes.h>
| #endif
| #ifdef HAVE_STDINT_H
| # include <stdint.h>
| #endif
| #ifdef HAVE_UNISTD_H
| # include <unistd.h>
| #endif
| #include <OS.h>
configure:4747: result: no
configure:4747: checking OS.h presence
configure:4747: gcc -E  conftest.c
conftest.c:25:10: fatal error: OS.h: No such file or directory
   25 | #include <OS.h>
      |          ^~~~~~
compilation terminated.
configure:4747: $? = 1
configure: failed program was:
| /* confdefs.h */
| #define PACKAGE_NAME "vscpl1drv-socketcan"
| #define PACKAGE_TARNAME "vscpl1drv-socketcan"
| #define PACKAGE_VERSION "1.1.0"
| #define PACKAGE_STRING "vscpl1drv-socketcan 1.1.0"
| #define PACKAGE_BUGREPORT "akhe@grodansparadis.com"
| #define PACKAGE_URL ""
| #define NDEBUG /**/
| #define HAVE_LIBDL 1
| #define HAVE_LIBPTHREAD 1
| #define HAVE_LIBM 1
| #define HAVE_DIRENT_H 1
| #define STDC_HEADERS 1
| #define HAVE_SYS_WAIT_H 1
| #define HAVE_SYS_TYPES_H 1
| #define HAVE_SYS_STAT_H 1
| #define HAVE_STDLIB_H 1
| #define HAVE_STRING_H 1
| #define HAVE_MEMORY_H 1
| #define HAVE_STRINGS_H 1
| #define HAVE_INTTYPES_H 1
| #define HAVE_STDINT_H 1
| #define HAVE_UNISTD_H 1
| /* end confdefs.h.  */
| #include <OS.h>
configure:4747: result: no
configure:4747: checking for OS.h
configure:4747: result: no
configure:4747: checking arpa/inet.h usability
configure:4747: gcc -c   conftest.c >&5
configure:4747: $? = 0
configure:4747: result: yes
configure:4747: checking arpa/inet.h presence
configure:4747: gcc -E  conftest.c
configure:4747: $? = 0
configure:4747: result: yes
configure:4747: checking for arpa/inet.h
configure:4747: result: yes
configure:4747: checking fcntl.h usability
configure:4747: gcc -c   conftest.c >&5
configure:4747: $? = 0
configure:4747: result: yes
configure:4747: checking fcntl.h presence
configure:4747: gcc -E  conftest.c
configure:4747: $? = 0
configure:4747: result: yes
configure:4747: checking for fcntl.h
configure:4747: result: yes
configure:4747: checking for inttypes.h
configure:4747: result: yes
configure:4747: checking limits.h usability
configure:4747: gcc -c   conftest.c >&5
configure:4747: $? = 0
configure:4747: result: yes
configure:4747: checking limits.h presence
configure:4747: gcc -E  conftest.c
configure:4747: $? = 0
configure:4747: result: yes
configure:4747: checking for limits.h
configure:4747: result: yes
configure:4747: checking locale.h usability
configure:4747: gcc -c   conftest.c >&5
configure:4747: $? = 0
configure:4747: result: yes
configure:4747: checking locale.h presence
configure:4747: gcc -E  conftest.c
configure:4747: $? = 0
configure:4747: result: yes
configure:4747: checking for locale.h
configure:4747: result: yes
configure:4747: checking netdb.h usability
configure:4747: gcc -c   conftest.c >&5
configure:4747: $? = 0
configure:4747: result: yes
configure:4747: checking netdb.h presence
configure:4747: gcc -E  conftest.c
configure:4747: $? = 0
configure:4747: result: yes
configure:4747: checking for netdb.h
configure:4747: result: yes
configure:4747: checking netinet/in.h usability
configure:4747: gcc -c   conftest.c >&5
configure:4747: $? = 0
configure:4747: result: yes
configure:4747: checking netinet/in.h presence
configure:4747: gcc -E  conftest.c
configure:4747: $? = 0
configure:4747: result: yes
configure:4747: checking for netinet/in.h
configure:4747: result: yes
configure:4747: checking sgtty.h usability
configure:4747: gcc -c   conftest.c >&5
configure:4747: $? = 0
configure:4747: result: yes
configure:4747: checking sgtty.h presence
configure:4747: gcc -E  conftest.c
configure:4747: $? = 0
configure:4747: result: yes
configure:4747: checking for sgtty.h
configure:4747: result: yes
configure:4747: checking stddef.h usability
configure:4747: gcc -c   conftest.c >&5
configure:4747: $? = 0
configure:4747: result: yes
configure:4747: checking stddef.h presence
configure:4747: gcc -E  conftest.c
configure:4747: $? = 0
configure:4747: result: yes
configure:4747: checking for stddef.h
configure:4747: result: yes
configure:4747: checking for stdint.h
configure:4747: result: yes
configure:4747: checking for stdlib.h
configure:4747: result: yes
configure:4747: checking for string.h
configure:4747: result: yes
configure:4747: checking for strings.h
configure:4747: result: yes
configure:4747: checking sys/file.h usability
configure:4747: gcc -c   conftest.c >&5
configure:4747: $? = 0
configure:4747: result: yes
configure:4747: checking sys/file.h presence
configure:4747: gcc -E  conftest.c
configure:4747: $? = 0
configure:4747: result: yes
configure:4747: checking for sys/file.h
configure:4747: result: yes
configure:4747: checking sys/ioctl.h usability
configure:4747: gcc -c   conftest.c >&5
configure:4747: $? = 0
configure:4747: result: yes
configure:4747: checking sys/ioctl.h presence
configure:4747: gcc -E  conftest.c
configure:4747: $? = 0
configure:4747: result: yes
configure:4747: checking for sys/ioctl.h
configure:4747: result: yes
configure:4747: checking sys/socket.h usability
configure:4747: gcc -c   conftest.c >&5
configure:4747: $? = 0
configure:4747: result: yes
configure:4747: checking sys/socket.h presence
configure:4747: gcc -E  conftest.c
configure:4747: $? = 0
configure:4747: result: yes
configure:4747: checking for sys/socket.h
configure:4747: result: yes
configure:4747: checking sys/time.h usability
configure:4747: gcc -c   conftest.c >&5
configure:4747: $? = 0
configure:4747: result: yes
configure:4747: checking sys/time.h presence
configure:4747: gcc -E  conftest.c
configure:4747: $? = 0
configure:4747: result: yes
configure:4747: checking for sys/time.h
configure:4747: result: yes
configure:4747: checking sys/timeb.h usability
configure:4747: gcc -c   conftest.c >&5
configure:4747: $? = 0
configure:4747: result: yes
configure:4747: checking sys/timeb.h presence
configure:4747: gcc -E  conftest.c
configure:4747: $? = 0
configure:4747: result: yes
configure:4747: checking for sys/timeb.h
configure:4747: result: yes
configure:4747: checking syslog.h usability
configure:4747: gcc -c   conftest.c >&5
configure:4747: $? = 0
configure:4747: result: yes
configure:4747: checking syslog.h presence
configure:4747: gcc -E  conftest.c
configure:4747: $? = 0
configure:4747: result: yes
configure:4747: checking for syslog.h
configure:4747: result: yes
configure:4747: checking termios.h usability
configure:4747: gcc -c   conftest.c >&5
configure:4747: $? = 0
configure:4747: result: yes
configure:4747: checking termios.h presence
configure:4747: gcc -E  conftest.c
configure:4747: $? = 0
configure:4747: result: yes
configure:4747: checking for termios.h
configure:4747: result: yes
configure:4747: checking for unistd.h
configure:4747: result: yes
configure:4747: checking openssl/md5.h usability
configure:4747: gcc -c   conftest.c >&5
configure:4747: $? = 0
configure:4747: result: yes
configure:4747: checking openssl/md5.h presence
configure:4747: gcc -E  conftest.c
configure:4747: $? = 0
configure:4747: result: yes
configure:4747: checking for openssl/md5.h
configure:4747: result: yes
configure:4759: checking for stdbool.h that conforms to C99
configure:4826: gcc -c   conftest.c >&5
configure:4826: $? = 0
configure:4833: result: yes
configure:4835: checking for _Bool
configure:4835: gcc -c   conftest.c >&5
configure:4835: $? = 0
configure:4835: gcc -c   conftest.c >&5
conftest.c: In function 'main':
conftest.c:83:20: error: expected expression before ')' token
   83 | if (sizeof ((_Bool)))
      |                    ^
configure:4835: $? = 1
configure: failed program was:
| /* confdefs.h */
| #define PACKAGE_NAME "vscpl1drv-socketcan"
| #define PACKAGE_TARNAME "vscpl1drv-socketcan"
| #define PACKAGE_VERSION "1.1.0"
| #define PACKAGE_STRING "vscpl1drv-socketcan 1.1.0"
| #define PACKAGE_BUGREPORT "akhe@grodansparadis.com"
| #define PACKAGE_URL ""
| #define NDEBUG /**/
| #define HAVE_LIBDL 1
| #define HAVE_LIBPTHREAD 1
| #define HAVE_LIBM 1
| #define HAVE_DIRENT_H 1
| #define STDC_HEADERS 1
| #define HAVE_SYS_WAIT_H 1
| #define HAVE_SYS_TYPES_H 1
| #define HAVE_SYS_STAT_H 1
| #define HAVE_STDLIB_H 1
| #define HAVE_STRING_H 1
| #define HAVE_MEMORY_H 1
| #define HAVE_STRINGS_H 1
| #define HAVE_INTTYPES_H 1
| #define HAVE_STDINT_H 1
| #define HAVE_UNISTD_H 1
| #define HAVE_ARPA_INET_H 1
| #define HAVE_FCNTL_H 1
| #define HAVE_INTTYPES_H 1
| #define HAVE_LIMITS_H 1
| #define HAVE_LOCALE_H 1
| #define HAVE_NETDB_H 1
| #define HAVE_NETINET_IN_H 1
| #define HAVE_SGTTY_H 1
| #define HAVE_STDDEF_H 1
| #define HAVE_STDINT_H 1
| #define HAVE_STDLIB_H 1
| #define HAVE_STRING_H 1
| #define HAVE_STRINGS_H 1
| #define HAVE_SYS_FILE_H 1
| #define HAVE_SYS_IOCTL_H 1
| #define HAVE_SYS_SOCKET_H 1
| #define HAVE_SYS_TIME_H 1
| #define HAVE_SYS_TIMEB_H 1
| #define HAVE_SYSLOG_H 1
| #define HAVE_TERMIOS_H 1
| #define HAVE_UNISTD_H 1
| #define HAVE_OPENSSL_MD5_H 1
| /* end confdefs.h.  */
| #include <stdio.h>
| #ifdef HAVE_SYS_TYPES_H
| # include <sys/types.h>
| #endif
| #ifdef HAVE_SYS_STAT_H
| # include <sys/stat.h>
| #endif
| #ifdef STDC_HEADERS
| # include <stdlib.h>
| # include <stddef.h>
| #else
| # ifdef HAVE_STDLIB_H
| #  include <stdlib.h>
| # endif
| #endif
| #ifdef HAVE_STRING_H
| # if !defined STDC_HEADERS && defined HAVE_MEMORY_H
| #  include <memory.h>
| # endif
| # include <string.h>
| #endif
| #ifdef HAVE_STRINGS_H
| # include <strings.h>
| #endif
| #ifdef HAVE_INTTYPES_H
| # include <inttypes.h>
| #endif
| #ifdef HAVE_STDINT_H
| # include <stdint.h>
| #endif
| #ifdef HAVE_UNISTD_H
| # include <unistd.h>
| #endif
| int
| main ()
| {
| if (sizeof ((_Bool)))
| 	    return 0;
|   ;
|   return 0;
| }
configure:4835: result: yes
configure:4852: checking for an ANSI C-conforming const
configure:4918: gcc -c   conftest.c >&5
configure:4918: $? = 0
configure:4925: result: yes
configure:4933: checking for inline
configure:4949: gcc -c   conftest.c >&5
configure:4949: $? = 0
configure:4957: result: inline
configure:4975: checking for mode_t
configure:4975: gcc -c   conftest.c >&5
configure:4975: $? = 0
configure:4975: gcc -c   conftest.c >&5
conftest.c: In function 'main':
conftest.c:85:21: error: expected expression before ')' token
   85 | if (sizeof ((mode_t)))
      |                     ^
configure:4975: $? = 1
configure: failed program was:
| /* confdefs.h */
| #define PACKAGE_NAME "vscpl1drv-socketcan"
| #define PACKAGE_TARNAME "vscpl1drv-socketcan"
| #define PACKAGE_VERSION "1.1.0"
| #define PACKAGE_STRING "vscpl1drv-socketcan 1.1.0"
| #define PACKAGE_BUGREPORT "akhe@grodansparadis.com"
| #define PACKAGE_URL ""
| #define NDEBUG /**/
| #define HAVE_LIBDL 1
| #define HAVE_LIBPTHREAD 1
| #define HAVE_LIBM 1
| #define HAVE_DIRENT_H 1
| #define STDC_HEADERS 1
| #define HAVE_SYS_WAIT_H 1
| #define HAVE_SYS_TYPES_H 1
| #define HAVE_SYS_STAT_H 1
| #define HAVE_STDLIB_H 1
| #define HAVE_STRING_H 1
| #define HAVE_MEMORY_H 1
| #define HAVE_STRINGS_H 1
| #define HAVE_INTTYPES_H 1
| #define HAVE_STDINT_H 1
| #define HAVE_UNISTD_H 1
| #define HAVE_ARPA_INET_H 1
| #define HAVE_FCNTL_H 1
| #define HAVE_INTTYPES_H 1
| #define HAVE_LIMITS_H 1
| #define HAVE_LOCALE_H 1
| #define HAVE_NETDB_H 1
| #define HAVE_NETINET_IN_H 1
| #define HAVE_SGTTY_H 1
| #define HAVE_STDDEF_H 1
| #define HAVE_STDINT_H 1
| #define HAVE_STDLIB_H 1
| #define HAVE_STRING_H 1
| #define HAVE_STRINGS_H 1
| #define HAVE_SYS_FILE_H 1
| #define HAVE_SYS_IOCTL_H 1
| #define HAVE_SYS_SOCKET_H 1
| #define HAVE_SYS_TIME_H 1
| #define HAVE_SYS_TIMEB_H 1
| #define HAVE_SYSLOG_H 1
| #define HAVE_TERMIOS_H 1
| #define HAVE_UNISTD_H 1
| #define HAVE_OPENSSL_MD5_H 1
| #define HAVE__BOOL 1
| #define HAVE_STDBOOL_H 1
| /* end confdefs.h.  */
| #include <stdio.h>
| #ifdef HAVE_SYS_TYPES_H
| # include <sys/types.h>
| #endif
| #ifdef HAVE_SYS_STAT_H
| # include <sys/stat.h>
| #endif
| #ifdef STDC_HEADERS
| # include <stdlib.h>
| # include <stddef.h>
| #else
| # ifdef HAVE_STDLIB_H
| #  include <stdlib.h>
| # endif
| #endif
| #ifdef HAVE_STRING_H
| # if !defined STDC_HEADERS && defined HAVE_MEMORY_H
| #  include <memory.h>
| # endif
| # include <string.h>
| #endif
| #ifdef HAVE_STRINGS_H
| # include <strings.h>
| #endif
| #ifdef HAVE_INTTYPES_H
| # include <inttypes.h>
| #endif
| #ifdef HAVE_STDINT_H
| # include <stdint.h>
| #endif
| #ifdef HAVE_UNISTD_H
| # include <unistd.h>
| #endif
| int
| main ()
| {
| if (sizeof ((mode_t)))
| 	    return 0;
|   ;
|   return 0;
| }
configure:4975: result: yes
configure:4986: checking for off_t
configure:4986: gcc -c   conftest.c >&5
configure:4986: $? = 0
configure:4986: gcc -c   conftest.c >&5
conftest.c: In function 'main':
conftest.c:85:20: error: expected expression before ')' token
   85 | if (sizeof ((off_t)))
      |                    ^
configure:4986: $? = 1
configure: failed program was:
| /* confdefs.h */
| #define PACKAGE_NAME "vscpl1drv-socketcan"
| #define PACKAGE_TARNAME "vscpl1drv-socketcan"
| #define PACKAGE_VERSION "1.1.0"
| #define PACKAGE_STRING "vscpl1drv-socketcan 1.1.0"
| #define PACKAGE_BUGREPORT "akhe@grodansparadis.com"
| #define PACKAGE_URL ""
| #define NDEBUG /**/
| #define HAVE_LIBDL 1
| #define HAVE_LIBPTHREAD 1
| #define HAVE_LIBM 1
| #define HAVE_DIRENT_H 1
| #define STDC_HEADERS 1
| #define HAVE_SYS_WAIT_H 1
| #define HAVE_SYS_TYPES_H 1
| #define HAVE_SYS_STAT_H 1
| #define HAVE_STDLIB_H 1
| #define HAVE_STRING_H 1
| #define HAVE_MEMORY_H 1
| #define HAVE_STRINGS_H 1
| #define HAVE_INTTYPES_H 1
| #define HAVE_STDINT_H 1
| #define HAVE_UNISTD_H 1
| #define HAVE_ARPA_INET_H 1
| #define HAVE_FCNTL_H 1
| #define HAVE_INTTYPES_H 1
| #define HAVE_LIMITS_H 1
| #define HAVE_LOCALE_H 1
| #define HAVE_NETDB_H 1
| #define HAVE_NETINET_IN_H 1
| #define HAVE_SGTTY_H 1
| #define HAVE_STDDEF_H 1
| #define HAVE_STDINT_H 1
| #define HAVE_STDLIB_H 1
| #define HAVE_STRING_H 1
| #define HAVE_STRINGS_H 1
| #define HAVE_SYS_FILE_H 1
| #define HAVE_SYS_IOCTL_H 1
| #define HAVE_SYS_SOCKET_H 1
| #define HAVE_SYS_TIME_H 1
| #define HAVE_SYS_TIMEB_H 1
| #define HAVE_SYSLOG_H 1
| #define HAVE_TERMIOS_H 1
| #define HAVE_UNISTD_H 1
| #define HAVE_OPENSSL_MD5_H 1
| #define HAVE__BOOL 1
| #define HAVE_STDBOOL_H 1
| /* end confdefs.h.  */
| #include <stdio.h>
| #ifdef HAVE_SYS_TYPES_H
| # include <sys/types.h>
| #endif
| #ifdef HAVE_SYS_STAT_H
| # include <sys/stat.h>
| #endif
| #ifdef STDC_HEADERS
| # include <stdlib.h>
| # include <stddef.h>
| #else
| # ifdef HAVE_STDLIB_H
| #  include <stdlib.h>
| # endif
| #endif
| #ifdef HAVE_STRING_H
| # if !defined STDC_HEADERS && defined HAVE_MEMORY_H
| #  include <memory.h>
| # endif
| # include <string.h>
| #endif
| #ifdef HAVE_STRINGS_H
| # include <strings.h>
| #endif
| #ifdef HAVE_INTTYPES_H
| # include <inttypes.h>
| #endif
| #ifdef HAVE_STDINT_H
| # include <stdint.h>
| #endif
| #ifdef HAVE_UNISTD_H
| # include <unistd.h>
| #endif
| int
| main ()
| {
| if (sizeof ((off_t)))
| 	    return 0;
|   ;
|   return 0;
| }
configure:4986: result: yes
configure:4997: checking for pid_t
configure:4997: gcc -c   conftest.c >&5
configure:4997: $? = 0
configure:4997: gcc -c   conftest.c >&5
conftest.c: In function 'main':
conftest.c:85:20: error: expected expression before ')' token
   85 | if (sizeof ((pid_t)))
      |                    ^
configure:4997: $? = 1
configure: failed program was:
| /* confdefs.h */
| #define PACKAGE_NAME "vscpl1drv-socketcan"
| #define PACKAGE_TARNAME "vscpl1drv-socketcan"
| #define PACKAGE_VERSION "1.1.0"
| #define PACKAGE_STRING "vscpl1drv-socketcan 1.1.0"
| #define PACKAGE_BUGREPORT "akhe@grodansparadis.com"
| #define PACKAGE_URL ""
| #define NDEBUG /**/
| #define HAVE_LIBDL 1
| #define HAVE_LIBPTHREAD 1
| #define HAVE_LIBM 1
| #define HAVE_DIRENT_H 1
| #define STDC_HEADERS 1
| #define HAVE_SYS_WAIT_H 1
| #define HAVE_SYS_TYPES_H 1
| #define HAVE_SYS_STAT_H 1
| #define HAVE_STDLIB_H 1
| #define HAVE_STRING_H 1
| #define HAVE_MEMORY_H 1
| #define HAVE_STRINGS_H 1
| #define HAVE_INTTYPES_H 1
| #define HAVE_STDINT_H 1
| #define HAVE_UNISTD_H 1
| #define HAVE_ARPA_INET_H 1
| #define HAVE_FCNTL_H 1
| #define HAVE_INTTYPES_H 1
| #define HAVE_LIMITS_H 1
| #define HAVE_LOCALE_H 1
| #define HAVE_NETDB_H 1
| #define HAVE_NETINET_IN_H 1
| #define HAVE_SGTTY_H 1
| #define HAVE_STDDEF_H 1
| #define HAVE_STDINT_H 1
| #define HAVE_STDLIB_H 1
| #define HAVE_STRING_H 1
| #define HAVE_STRINGS_H 1
| #define HAVE_SYS_FILE_H 1
| #define HAVE_SYS_IOCTL_H 1
| #define HAVE_SYS_SOCKET_H 1
| #define HAVE_SYS_TIME_H 1
| #define HAVE_SYS_TIMEB_H 1
| #define HAVE_SYSLOG_H 1
| #define HAVE_TERMIOS_H 1
| #define HAVE_UNISTD_H 1
| #define HAVE_OPENSSL_MD5_H 1
| #define HAVE__BOOL 1
| #define HAVE_STDBOOL_H 1
| /* end confdefs.h.  */
| #include <stdio.h>
| #ifdef HAVE_SYS_TYPES_H
| # include <sys/types.h>
| #endif
| #ifdef HAVE_SYS_STAT_H
| # include <sys/stat.h>
| #endif
| #ifdef STDC_HEADERS
| # include <stdlib.h>
| # include <stddef.h>
| #else
| # ifdef HAVE_STDLIB_H
| #  include <stdlib.h>
| # endif
| #endif
| #ifdef HAVE_STRING_H
| # if !defined STDC_HEADERS && defined HAVE_MEMORY_H
| #  include <memory.h>
| # endif
| # include <string.h>
| #endif
| #ifdef HAVE_STRINGS_H
| # include <strings.h>
| #endif
| #ifdef HAVE_INTTYPES_H
| # include <inttypes.h>
| #endif
| #ifdef HAVE_STDINT_H
| # include <stdint.h>
| #endif
| #ifdef HAVE_UNISTD_H
| # include <unistd.h>
| #endif
| int
| main ()
| {
| if (sizeof ((pid_t)))
| 	    return 0;
|   ;
|   return 0;
| }
configure:4997: result: yes
configure:5008: checking for size_t
configure:5008: gcc -c   conftest.c >&5
configure:5008: $? = 0
configure:5008: gcc -c   conftest.c >&5
conftest.c: In function 'main':
conftest.c:85:21: error: expected expression before ')' token
   85 | if (sizeof ((size_t)))
      |                     ^
configure:5008: $? = 1
configure: failed program was:
| /* confdefs.h */
| #define PACKAGE_NAME "vscpl1drv-socketcan"
| #define PACKAGE_TARNAME "vscpl1drv-socketcan"
| #define PACKAGE_VERSION "1.1.0"
| #define PACKAGE_STRING "vscpl1drv-socketcan 1.1.0"
| #define PACKAGE_BUGREPORT "akhe@grodansparadis.com"
| #define PACKAGE_URL ""
| #define NDEBUG /**/
| #define HAVE_LIBDL 1
| #define HAVE_LIBPTHREAD 1
| #define HAVE_LIBM 1
| #define HAVE_DIRENT_H 1
| #define STDC_HEADERS 1
| #define HAVE_SYS_WAIT_H 1
| #define HAVE_SYS_TYPES_H 1
| #define HAVE_SYS_STAT_H 1
| #define HAVE_STDLIB_H 1
| #define HAVE_STRING_H 1
| #define HAVE_MEMORY_H 1
| #define HAVE_STRINGS_H 1
| #define HAVE_INTTYPES_H 1
| #define HAVE_STDINT_H 1
| #define HAVE_UNISTD_H 1
| #define HAVE_ARPA_INET_H 1
| #define HAVE_FCNTL_H 1
| #define HAVE_INTTYPES_H 1
| #define HAVE_LIMITS_H 1
| #define HAVE_LOCALE_H 1
| #define HAVE_NETDB_H 1
| #define HAVE_NETINET_IN_H 1
| #define HAVE_SGTTY_H 1
| #define HAVE_STDDEF_H 1
| #define HAVE_STDINT_H 1
| #define HAVE_STDLIB_H 1
| #define HAVE_STRING_H 1
| #define HAVE_STRINGS_H 1
| #define HAVE_SYS_FILE_H 1
| #define HAVE_SYS_IOCTL_H 1
| #define HAVE_SYS_SOCKET_H 1
| #define HAVE_SYS_TIME_H 1
| #define HAVE_SYS_TIMEB_H 1
| #define HAVE_SYSLOG_H 1
| #define HAVE_TERMIOS_H 1
| #define HAVE_UNISTD_H 1
| #define HAVE_OPENSSL_MD5_H 1
| #define HAVE__BOOL 1
| #define HAVE_STDBOOL_H 1
| /* end confdefs.h.  */
| #include <stdio.h>
| #ifdef HAVE_SYS_TYPES_H
| # include <sys/types.h>
| #endif
| #ifdef HAVE_SYS_STAT_H
| # include <sys/stat.h>
| #endif
| #ifdef STDC_HEADERS
| # include <stdlib.h>
| # include <stddef.h>
| #else
| # ifdef HAVE_STDLIB_H
| #  include <stdlib.h>
| # endif
| #endif
| #ifdef HAVE_STRING_H
| # if !defined STDC_HEADERS && defined HAVE_MEMORY_H
| #  include <memory.h>
| # endif
| # include <string.h>
| #endif
| #ifdef HAVE_STRINGS_H
| # include <strings.h>
| #endif
| #ifdef HAVE_INTTYPES_H
| # include <inttypes.h>
| #endif
| #ifdef HAVE_STDINT_H
| # include <stdint.h>
| #endif
| #ifdef HAVE_UNISTD_H
| # include <unistd.h>
| #endif
| int
| main ()
| {
| if (sizeof ((size_t)))
| 	    return 0;
|   ;
|   return 0;
| }
configure:5008: result: yes
configure:5019: checking whether time.h and sys/time.h may both be included
configure:5039: gcc -c   conftest.c >&5
configure:5039: $? = 0
configure:5046: result: yes
configure:5054: checking whether struct tm is in sys/time.h or time.h
configure:5074: gcc -c   conftest.c >&5
configure:5074: $? = 0
configure:5081: result: time.h
configure:5089: checking for working volatile
configure:5108: gcc -c   conftest.c >&5
configure:5108: $? = 0
configure:5115: result: yes
configure:5127: checking vfork.h usability
configure:5127: gcc -c   conftest.c >&5
conftest.c:83:10: fatal error: vfork.h: No such file or directory
   83 | #include <vfork.h>
      |          ^~~~~~~~~
compilation terminated.
configure:5127: $? = 1
configure: failed program was:
| /* confdefs.h */
| #define PACKAGE_NAME "vscpl1drv-socketcan"
| #define PACKAGE_TARNAME "vscpl1drv-socketcan"
| #define PACKAGE_VERSION "1.1.0"
| #define PACKAGE_STRING "vscpl1drv-socketcan 1.1.0"
| #define PACKAGE_BUGREPORT "akhe@grodansparadis.com"
| #define PACKAGE_URL ""
| #define NDEBUG /**/
| #define HAVE_LIBDL 1
| #define HAVE_LIBPTHREAD 1
| #define HAVE_LIBM 1
| #define HAVE_DIRENT_H 1
| #define STDC_HEADERS 1
| #define HAVE_SYS_WAIT_H 1
| #define HAVE_SYS_TYPES_H 1
| #define HAVE_SYS_STAT_H 1
| #define HAVE_STDLIB_H 1
| #define HAVE_STRING_H 1
| #define HAVE_MEMORY_H 1
| #define HAVE_STRINGS_H 1
| #define HAVE_INTTYPES_H 1
| #define HAVE_STDINT_H 1
| #define HAVE_UNISTD_H 1
| #define HAVE_ARPA_INET_H 1
| #define HAVE_FCNTL_H 1
| #define HAVE_INTTYPES_H 1
| #define HAVE_LIMITS_H 1
| #define HAVE_LOCALE_H 1
| #define HAVE_NETDB_H 1
| #define HAVE_NETINET_IN_H 1
| #define HAVE_SGTTY_H 1
| #define HAVE_STDDEF_H 1
| #define HAVE_STDINT_H 1
| #define HAVE_STDLIB_H 1
| #define HAVE_STRING_H 1
| #define HAVE_STRINGS_H 1
| #define HAVE_SYS_FILE_H 1
| #define HAVE_SYS_IOCTL_H 1
| #define HAVE_SYS_SOCKET_H 1
| #define HAVE_SYS_TIME_H 1
| #define HAVE_SYS_TIMEB_H 1
| #define HAVE_SYSLOG_H 1
| #define HAVE_TERMIOS_H 1
| #define HAVE_UNISTD_H 1
| #define HAVE_OPENSSL_MD5_H 1
| #define HAVE__BOOL 1
| #define HAVE_STDBOOL_H 1
| #define TIME_WITH_SYS_TIME 1
| /* end confdefs.h.  */
| #include <stdio.h>
| #ifdef HAVE_SYS_TYPES_H
| # include <sys/types.h>
| #endif
| #ifdef HAVE_SYS_STAT_H
| # include <sys/stat.h>
| #endif
| #ifdef STDC_HEADERS
| # include <stdlib.h>
| # include <stddef.h>
| #else
| # ifdef HAVE_STDLIB_H
| #  include <stdlib.h>
| # endif
| #endif
| #ifdef HAVE_STRING_H
| # if !defined STDC_HEADERS && defined HAVE_MEMORY_H
| #  include <memory.h>
| # endif
| # include <string.h>
| #endif
| #ifdef HAVE_STRINGS_H
| # include <strings.h>
| #endif
| #ifdef HAVE_INTTYPES_H
| # include <inttypes.h>
| #endif
| #ifdef HAVE_STDINT_H
| # include <stdint.h>
| #endif
| #ifdef HAVE_UNISTD_H
| # include <unistd.h>
| #endif
| #include <vfork.h>
configure:5127: result: no
configure:5127: checking vfork.h presence
configure:5127: gcc -E  conftest.c
conftest.c:50:10: fatal error: vfork.h: No such file or directory
   50 | #include <vfork.h>
      |          ^~~~~~~~~
compilation terminated.
configure:5127: $? = 1
configure: failed program was:
| /* confdefs.h */
| #define PACKAGE_NAME "vscpl1drv-socketcan"
| #define PACKAGE_TARNAME "vscpl1drv-socketcan"
| #define PACKAGE_VERSION "1.1.0"
| #define PACKAGE_STRING "vscpl1drv-socketcan 1.1.0"
| #define PACKAGE_BUGREPORT "akhe@grodansparadis.com"
| #define PACKAGE_URL ""
| #define NDEBUG /**/
| #define HAVE_LIBDL 1
| #define HAVE_LIBPTHREAD 1
| #define HAVE_LIBM 1
| #define HAVE_DIRENT_H 1
| #define STDC_HEADERS 1
| #define HAVE_SYS_WAIT_H 1
| #define HAVE_SYS_TYPES_H 1
| #define HAVE_SYS_STAT_H 1
| #define HAVE_STDLIB_H 1
| #define HAVE_STRING_H 1
| #define HAVE_MEMORY_H 1
| #define HAVE_STRINGS_H 1
| #define HAVE_INTTYPES_H 1
| #define HAVE_STDINT_H 1
| #define HAVE_UNISTD_H 1
| #define HAVE_ARPA_INET_H 1
| #define HAVE_FCNTL_H 1
| #define HAVE_INTTYPES_H 1
| #define HAVE_LIMITS_H 1
| #define HAVE_LOCALE_H 1
| #define HAVE_NETDB_H 1
| #define HAVE_NETINET_IN_H 1
| #define HAVE_SGTTY_H 1
| #define HAVE_STDDEF_H 1
| #define HAVE_STDINT_H 1
| #define HAVE_STDLIB_H 1
| #define HAVE_STRING_H 1
| #define HAVE_STRINGS_H 1
| #define HAVE_SYS_FILE_H 1
| #define HAVE_SYS_IOCTL_H 1
| #define HAVE_SYS_SOCKET_H 1
| #define HAVE_SYS_TIME_H 1
| #define HAVE_SYS_TIMEB_H 1
| #define HAVE_SYSLOG_H 1
| #define HAVE_TERMIOS_H 1
| #define HAVE_UNISTD_H 1
| #define HAVE_OPENSSL_MD5_H 1
| #define HAVE__BOOL 1
| #define HAVE_STDBOOL_H 1
| #define TIME_WITH_SYS_TIME 1
| /* end confdefs.h.  */
| #include <vfork.h>
configure:5127: result: no
configure:5127: checking for vfork.h
configure:5127: result: no
configure:5140: checking for fork
configure:5140: gcc -o conftest    conftest.c -lm -lpthread -ldl  >&5
conftest.c:73:6: warning: conflicting types for built-in function 'fork'; expected 'int(void)' [-Wbuiltin-declaration-mismatch]
   73 | char fork ();
      |      ^~~~
configure:5140: $? = 0
configure:5140: result: yes
configure:5140: checking for vfork
configure:5140: gcc -o conftest    conftest.c -lm -lpthread -ldl  >&5
configure:5140: $? = 0
configure:5140: result: yes
configure:5150: checking for working fork
configure:5172: gcc -o conftest    conftest.c -lm -lpthread -ldl  >&5
configure:5172: $? = 0
configure:5172: ./conftest
configure:5172: $? = 0
configure:5182: result: yes
configure:5203: checking for working vfork
configure:5313: result: yes
configure:5339: checking whether gcc needs -traditional
configure:5373: result: no
configure:5382: checking for stdlib.h
configure:5382: result: yes
configure:5392: checking for GNU libc compatible malloc
configure:5416: gcc -o conftest    conftest.c -lm -lpthread -ldl  >&5
configure:5416: $? = 0
configure:5416: ./conftest
configure:5416: $? = 0
configure:5426: result: yes
configure:5447: checking for working memcmp
configure:5490: gcc -o conftest    conftest.c -lm -lpthread -ldl  >&5
configure:5490: $? = 0
configure:5490: ./conftest
configure:5490: $? = 0
configure:5500: result: yes
configure:5511: checking for stdlib.h
configure:5511: result: yes
configure:5521: checking for GNU libc compatible realloc
configure:5545: gcc -o conftest    conftest.c -lm -lpthread -ldl  >&5
configure:5545: $? = 0
configure:5545: ./conftest
configure:5545: $? = 0
configure:5555: result: yes
configure:5579: checking sys/select.h usability
configure:5579: gcc -c   conftest.c >&5
configure:5579: $? = 0
configure:5579: result: yes
configure:5579: checking sys/select.h presence
configure:5579: gcc -E  conftest.c
configure:5579: $? = 0
configure:5579: result: yes
configure:5579: checking for sys/select.h
configure:5579: result: yes
configure:5579: checking for sys/socket.h
configure:5579: result: yes
configure:5589: checking types of arguments for select
configure:5617: gcc -c   conftest.c >&5
configure:5617: $? = 0
configure:5628: result: int,fd_set *,struct timeval *
configure:5658: checking return type of signal handlers
configure:5676: gcc -c   conftest.c >&5
conftest.c: In function 'main':
conftest.c:69:10: error: void value not ignored as it ought to be
   69 | return *(signal (0, 0)) (0) == 1;
      |         ~^~~~~~~~~~~~~~~~~~
configure:5676: $? = 1
configure: failed program was:
| /* confdefs.h */
| #define PACKAGE_NAME "vscpl1drv-socketcan"
| #define PACKAGE_TARNAME "vscpl1drv-socketcan"
| #define PACKAGE_VERSION "1.1.0"
| #define PACKAGE_STRING "vscpl1drv-socketcan 1.1.0"
| #define PACKAGE_BUGREPORT "akhe@grodansparadis.com"
| #define PACKAGE_URL ""
| #define NDEBUG /**/
| #define HAVE_LIBDL 1
| #define HAVE_LIBPTHREAD 1
| #define HAVE_LIBM 1
| #define HAVE_DIRENT_H 1
| #define STDC_HEADERS 1
| #define HAVE_SYS_WAIT_H 1
| #define HAVE_SYS_TYPES_H 1
| #define HAVE_SYS_STAT_H 1
| #define HAVE_STDLIB_H 1
| #define HAVE_STRING_H 1
| #define HAVE_MEMORY_H 1
| #define HAVE_STRINGS_H 1
| #define HAVE_INTTYPES_H 1
| #define HAVE_STDINT_H 1
| #define HAVE_UNISTD_H 1
| #define HAVE_ARPA_INET_H 1
| #define HAVE_FCNTL_H 1
| #define HAVE_INTTYPES_H 1
| #define HAVE_LIMITS_H 1
| #define HAVE_LOCALE_H 1
| #define HAVE_NETDB_H 1
| #define HAVE_NETINET_IN_H 1
| #define HAVE_SGTTY_H 1
| #define HAVE_STDDEF_H 1
| #define HAVE_STDINT_H 1
| #define HAVE_STDLIB_H 1
| #define HAVE_STRING_H 1
| #define HAVE_STRINGS_H 1
| #define HAVE_SYS_FILE_H 1
| #define HAVE_SYS_IOCTL_H 1
| #define HAVE_SYS_SOCKET_H 1
| #define HAVE_SYS_TIME_H 1
| #define HAVE_SYS_TIMEB_H 1
| #define HAVE_SYSLOG_H 1
| #define HAVE_TERMIOS_H 1
| #define HAVE_UNISTD_H 1
| #define HAVE_OPENSSL_MD5_H 1
| #define HAVE__BOOL 1
| #define HAVE_STDBOOL_H 1
| #define TIME_WITH_SYS_TIME 1
| #define HAVE_FORK 1
| #define HAVE_VFORK 1
| #define HAVE_WORKING_VFORK 1
| #define HAVE_WORKING_FORK 1
| #define HAVE_STDLIB_H 1
| #define HAVE_MALLOC 1
| #define HAVE_STDLIB_H 1
| #define HAVE_REALLOC 1
| #define HAVE_SYS_SELECT_H 1
| #define HAVE_SYS_SOCKET_H 1
| #define SELECT_TYPE_ARG1 int
| #define SELECT_TYPE_ARG234 (fd_set *)
| #define SELECT_TYPE_ARG5 (struct timeval *)
| /* end confdefs.h.  */
| #include <sys/types.h>
| #include <signal.h>
| 
| int
| main ()
| {
| return *(signal (0, 0)) (0) == 1;
|   ;
|   return 0;
| }
configure:5683: result: void
configure:5691: checking whether lstat correctly handles trailing slash
configure:5717: gcc -o conftest    conftest.c -lm -lpthread -ldl  >&5
configure:5717: $? = 0
configure:5717: ./conftest
configure:5717: $? = 0
configure:5734: result: yes
configure:5753: checking whether stat accepts an empty string
configure:5773: gcc -o conftest    conftest.c -lm -lpthread -ldl  >&5
configure:5773: $? = 0
configure:5773: ./conftest
configure:5773: $? = 0
configure:5783: result: no
configure:5801: checking for strftime
configure:5801: gcc -o conftest    conftest.c -lm -lpthread -ldl  >&5
conftest.c:88:6: warning: conflicting types for built-in function 'strftime'; expected 'long unsigned int(char *, long unsigned int,  const char *, const void *)' [-Wbuiltin-declaration-mismatch]
   88 | char strftime ();
      |      ^~~~~~~~
conftest.c:76:1: note: 'strftime' is declared in header '<time.h>'
   75 | # include <limits.h>
   76 | #else
configure:5801: $? = 0
configure:5801: result: yes
configure:5854: checking for working strtod
configure:5895: gcc -o conftest    conftest.c -lm -lpthread -ldl  >&5
configure:5895: $? = 0
configure:5895: ./conftest
configure:5895: $? = 0
configure:5905: result: yes
configure:5969: checking for vprintf
configure:5969: gcc -o conftest    conftest.c -lm -lpthread -ldl  >&5
conftest.c:89:6: warning: conflicting types for built-in function 'vprintf'; expected 'int(const char *, __va_list_tag *)' [-Wbuiltin-declaration-mismatch]
   89 | char vprintf ();
      |      ^~~~~~~
conftest.c:77:1: note: 'vprintf' is declared in header '<stdio.h>'
   76 | # include <limits.h>
   77 | #else
configure:5969: $? = 0
configure:5969: result: yes
configure:5975: checking for _doprnt
configure:5975: gcc -o conftest    conftest.c -lm -lpthread -ldl  >&5
/usr/bin/ld: /tmp/ccBggvlc.o: in function `main':
conftest.c:(.text+0xe): undefined reference to `_doprnt'
collect2: error: ld returned 1 exit status
configure:5975: $? = 1
configure: failed program was:
| /* confdefs.h */
| #define PACKAGE_NAME "vscpl1drv-socketcan"
| #define PACKAGE_TARNAME "vscpl1drv-socketcan"
| #define PACKAGE_VERSION "1.1.0"
| #define PACKAGE_STRING "vscpl1drv-socketcan 1.1.0"
| #define PACKAGE_BUGREPORT "akhe@grodansparadis.com"
| #define PACKAGE_URL ""
| #define NDEBUG /**/
| #define HAVE_LIBDL 1
| #define HAVE_LIBPTHREAD 1
| #define HAVE_LIBM 1
| #define HAVE_DIRENT_H 1
| #define STDC_HEADERS 1
| #define HAVE_SYS_WAIT_H 1
| #define HAVE_SYS_TYPES_H 1
| #define HAVE_SYS_STAT_H 1
| #define HAVE_STDLIB_H 1
| #define HAVE_STRING_H 1
| #define HAVE_MEMORY_H 1
| #define HAVE_STRINGS_H 1
| #define HAVE_INTTYPES_H 1
| #define HAVE_STDINT_H 1
| #define HAVE_UNISTD_H 1
| #define HAVE_ARPA_INET_H 1
| #define HAVE_FCNTL_H 1
| #define HAVE_INTTYPES_H 1
| #define HAVE_LIMITS_H 1
| #define HAVE_LOCALE_H 1
| #define HAVE_NETDB_H 1
| #define HAVE_NETINET_IN_H 1
| #define HAVE_SGTTY_H 1
| #define HAVE_STDDEF_H 1
| #define HAVE_STDINT_H 1
| #define HAVE_STDLIB_H 1
| #define HAVE_STRING_H 1
| #define HAVE_STRINGS_H 1
| #define HAVE_SYS_FILE_H 1
| #define HAVE_SYS_IOCTL_H 1
| #define HAVE_SYS_SOCKET_H 1
| #define HAVE_SYS_TIME_H 1
| #define HAVE_SYS_TIMEB_H 1
| #define HAVE_SYSLOG_H 1
| #define HAVE_TERMIOS_H 1
| #define HAVE_UNISTD_H 1
| #define HAVE_OPENSSL_MD5_H 1
| #define HAVE__BOOL 1
| #define HAVE_STDBOOL_H 1
| #define TIME_WITH_SYS_TIME 1
| #define HAVE_FORK 1
| #define HAVE_VFORK 1
| #define HAVE_WORKING_VFORK 1
| #define HAVE_WORKING_FORK 1
| #define HAVE_STDLIB_H 1
| #define HAVE_MALLOC 1
| #define HAVE_STDLIB_H 1
| #define HAVE_REALLOC 1
| #define HAVE_SYS_SELECT_H 1
| #define HAVE_SYS_SOCKET_H 1
| #define SELECT_TYPE_ARG1 int
| #define SELECT_TYPE_ARG234 (fd_set *)
| #define SELECT_TYPE_ARG5 (struct timeval *)
| #define RETSIGTYPE void
| #define LSTAT_FOLLOWS_SLASHED_SYMLINK 1
| #define HAVE_STRFTIME 1
| #define HAVE_VPRINTF 1
| /* end confdefs.h.  */
| /* Define _doprnt to an innocuous variant, in case <limits.h> declares _doprnt.
|    For example, HP-UX 11i <limits.h> declares gettimeofday.  */
| #define _doprnt innocuous__doprnt
| 
| /* System header to define __stub macros and hopefully few prototypes,
|     which can conflict with char _doprnt (); below.
|     Prefer <limits.h> to <assert.h> if __STDC__ is defined, since
|     <limits.h> exists even on freestanding compilers.  */
| 
| #ifdef __STDC__
| # include <limits.h>
| #else
| # include <assert.h>
| #endif
| 
| #undef _doprnt
| 
| /* Override any GCC internal prototype to avoid an error.
|    Use char because int might match the return type of a GCC
|    builtin and then its argument prototype would still apply.  */
| #ifdef __cplusplus
| extern "C"
| #endif
| char _doprnt ();
| /* The GNU C library defines this for functions which it implements
|     to always fail with ENOSYS.  Some functions are actually named
|     something starting with __ and the normal name is an alias.  */
| #if defined __stub__doprnt || defined __stub____doprnt
| choke me
| #endif
| 
| int
| main ()
| {
| return _doprnt ();
|   ;
|   return 0;
| }
configure:5975: result: no
configure:5989: checking for alarm
configure:5989: gcc -o conftest    conftest.c -lm -lpthread -ldl  >&5
configure:5989: $? = 0
configure:5989: result: yes
configure:5989: checking for bzero
configure:5989: gcc -o conftest    conftest.c -lm -lpthread -ldl  >&5
conftest.c:91:6: warning: conflicting types for built-in function 'bzero'; expected 'void(void *, long unsigned int)' [-Wbuiltin-declaration-mismatch]
   91 | char bzero ();
      |      ^~~~~
configure:5989: $? = 0
configure:5989: result: yes
configure:5989: checking for dup2
configure:5989: gcc -o conftest    conftest.c -lm -lpthread -ldl  >&5
configure:5989: $? = 0
configure:5989: result: yes
configure:5989: checking for floor
configure:5989: gcc -o conftest    conftest.c -lm -lpthread -ldl  >&5
conftest.c:93:6: warning: conflicting types for built-in function 'floor'; expected 'double(double)' [-Wbuiltin-declaration-mismatch]
   93 | char floor ();
      |      ^~~~~
conftest.c:81:1: note: 'floor' is declared in header '<math.h>'
   80 | # include <limits.h>
   81 | #else
configure:5989: $? = 0
configure:5989: result: yes
configure:5989: checking for gethostbyname
configure:5989: gcc -o conftest    conftest.c -lm -lpthread -ldl  >&5
configure:5989: $? = 0
configure:5989: result: yes
configure:5989: checking for gethostname
configure:5989: gcc -o conftest    conftest.c -lm -lpthread -ldl  >&5
configure:5989: $? = 0
configure:5989: result: yes
configure:5989: checking for gethrtime
configure:5989: gcc -o conftest    conftest.c -lm -lpthread -ldl  >&5
/usr/bin/ld: /tmp/ccEWWrRF.o: in function `main':
conftest.c:(.text+0xe): undefined reference to `gethrtime'
collect2: error: ld returned 1 exit status
configure:5989: $? = 1
configure: failed program was:
| /* confdefs.h */
| #define PACKAGE_NAME "vscpl1drv-socketcan"
| #define PACKAGE_TARNAME "vscpl1drv-socketcan"
| #define PACKAGE_VERSION "1.1.0"
| #define PACKAGE_STRING "vscpl1drv-socketcan 1.1.0"
| #define PACKAGE_BUGREPORT "akhe@grodansparadis.com"
| #define PACKAGE_URL ""
| #define NDEBUG /**/
| #define HAVE_LIBDL 1
| #define HAVE_LIBPTHREAD 1
| #define HAVE_LIBM 1
| #define HAVE_DIRENT_H 1
| #define STDC_HEADERS 1
| #define HAVE_SYS_WAIT_H 1
| #define HAVE_SYS_TYPES_H 1
| #define HAVE_SYS_STAT_H 1
| #define HAVE_STDLIB_H 1
| #define HAVE_STRING_H 1
| #define HAVE_MEMORY_H 1
| #define HAVE_STRINGS_H 1
| #define HAVE_INTTYPES_H 1
| #define HAVE_STDINT_H 1
| #define HAVE_UNISTD_H 1
| #define HAVE_ARPA_INET_H 1
| #define HAVE_FCNTL_H 1
| #define HAVE_INTTYPES_H 1
| #define HAVE_LIMITS_H 1
| #define HAVE_LOCALE_H 1
| #define HAVE_NETDB_H 1
| #define HAVE_NETINET_IN_H 1
| #define HAVE_SGTTY_H 1
| #define HAVE_STDDEF_H 1
| #define HAVE_STDINT_H 1
| #define HAVE_STDLIB_H 1
| #define HAVE_STRING_H 1
| #define HAVE_STRINGS_H 1
| #define HAVE_SYS_FILE_H 1
| #define HAVE_SYS_IOCTL_H 1
| #define HAVE_SYS_SOCKET_H 1
| #define HAVE_SYS_TIME_H 1
| #define HAVE_SYS_TIMEB_H 1
| #define HAVE_SYSLOG_H 1
| #define HAVE_TERMIOS_H 1
| #define HAVE_UNISTD_H 1
| #define HAVE_OPENSSL_MD5_H 1
| #define HAVE__BOOL 1
| #define HAVE_STDBOOL_H 1
| #define TIME_WITH_SYS_TIME 1
| #define HAVE_FORK 1
| #define HAVE_VFORK 1
| #define HAVE_WORKING_VFORK 1
| #define HAVE_WORKING_FORK 1
| #define HAVE_STDLIB_H 1
| #define HAVE_MALLOC 1
| #define HAVE_STDLIB_H 1
| #define HAVE_REALLOC 1
| #define HAVE_SYS_SELECT_H 1
| #define HAVE_SYS_SOCKET_H 1
| #define SELECT_TYPE_ARG1 int
| #define SELECT_TYPE_ARG234 (fd_set *)
| #define SELECT_TYPE_ARG5 (struct timeval *)
| #define RETSIGTYPE void
| #define LSTAT_FOLLOWS_SLASHED_SYMLINK 1
| #define HAVE_STRFTIME 1
| #define HAVE_VPRINTF 1
| #define HAVE_ALARM 1
| #define HAVE_BZERO 1
| #define HAVE_DUP2 1
| #define HAVE_FLOOR 1
| #define HAVE_GETHOSTBYNAME 1
| #define HAVE_GETHOSTNAME 1
| /* end confdefs.h.  */
| /* Define gethrtime to an innocuous variant, in case <limits.h> declares gethrtime.
|    For example, HP-UX 11i <limits.h> declares gettimeofday.  */
| #define gethrtime innocuous_gethrtime
| 
| /* System header to define __stub macros and hopefully few prototypes,
|     which can conflict with char gethrtime (); below.
|     Prefer <limits.h> to <assert.h> if __STDC__ is defined, since
|     <limits.h> exists even on freestanding compilers.  */
| 
| #ifdef __STDC__
| # include <limits.h>
| #else
| # include <assert.h>
| #endif
| 
| #undef gethrtime
| 
| /* Override any GCC internal prototype to avoid an error.
|    Use char because int might match the return type of a GCC
|    builtin and then its argument prototype would still apply.  */
| #ifdef __cplusplus
| extern "C"
| #endif
| char gethrtime ();
| /* The GNU C library defines this for functions which it implements
|     to always fail with ENOSYS.  Some functions are actually named
|     something starting with __ and the normal name is an alias.  */
| #if defined __stub_gethrtime || defined __stub___gethrtime
| choke me
| #endif
| 
| int
| main ()
| {
| return gethrtime ();
|   ;
|   return 0;
| }
configure:5989: result: no
configure:5989: checking for gettimeofday
configure:5989: gcc -o conftest    conftest.c -lm -lpthread -ldl  >&5
configure:5989: $? = 0
configure:5989: result: yes
configure:5989: checking for inet_ntoa
configure:5989: gcc -o conftest    conftest.c -lm -lpthread -ldl  >&5
configure:5989: $? = 0
configure:5989: result: yes
configure:5989: checking for memchr
configure:5989: gcc -o conftest    conftest.c -lm -lpthread -ldl  >&5
conftest.c:98:6: warning: conflicting types for built-in function 'memchr'; expected 'void *(const void *, int,  long unsigned int)' [-Wbuiltin-declaration-mismatch]
   98 | char memchr ();
      |      ^~~~~~
conftest.c:86:1: note: 'memchr' is declared in header '<string.h>'
   85 | # include <limits.h>
   86 | #else
configure:5989: $? = 0
configure:5989: result: yes
configure:5989: checking for memmove
configure:5989: gcc -o conftest    conftest.c -lm -lpthread -ldl  >&5
conftest.c:99:6: warning: conflicting types for built-in function 'memmove'; expected 'void *(void *, const void *, long unsigned int)' [-Wbuiltin-declaration-mismatch]
   99 | char memmove ();
      |      ^~~~~~~
conftest.c:87:1: note: 'memmove' is declared in header '<string.h>'
   86 | # include <limits.h>
   87 | #else
configure:5989: $? = 0
configure:5989: result: yes
configure:5989: checking for memset
configure:5989: gcc -o conftest    conftest.c -lm -lpthread -ldl  >&5
conftest.c:100:6: warning: conflicting types for built-in function 'memset'; expected 'void *(void *, int,  long unsigned int)' [-Wbuiltin-declaration-mismatch]
  100 | char memset ();
      |      ^~~~~~
conftest.c:88:1: note: 'memset' is declared in header '<string.h>'
   87 | # include <limits.h>
   88 | #else
configure:5989: $? = 0
configure:5989: result: yes
configure:5989: checking for mkfifo
configure:5989: gcc -o conftest    conftest.c -lm -lpthread -ldl  >&5
configure:5989: $? = 0
configure:5989: result: yes
configure:5989: checking for pow
configure:5989: gcc -o conftest    conftest.c -lm -lpthread -ldl  >&5
conftest.c:102:6: warning: conflicting types for built-in function 'pow'; expected 'double(double,  double)' [-Wbuiltin-declaration-mismatch]
  102 | char pow ();
      |      ^~~
conftest.c:90:1: note: 'pow' is declared in header '<math.h>'
   89 | # include <limits.h>
   90 | #else
configure:5989: $? = 0
configure:5989: result: yes
configure:5989: checking for select
configure:5989: gcc -o conftest    conftest.c -lm -lpthread -ldl  >&5
configure:5989: $? = 0
configure:5989: result: yes
configure:5989: checking for setlocale
configure:5989: gcc -o conftest    conftest.c -lm -lpthread -ldl  >&5
configure:5989: $? = 0
configure:5989: result: yes
configure:5989: checking for socket
configure:5989: gcc -o conftest    conftest.c -lm -lpthread -ldl  >&5
configure:5989: $? = 0
configure:5989: result: yes
configure:5989: checking for sqrt
configure:5989: gcc -o conftest    conftest.c -lm -lpthread -ldl  >&5
conftest.c:106:6: warning: conflicting types for built-in function 'sqrt'; expected 'double(double)' [-Wbuiltin-declaration-mismatch]
  106 | char sqrt ();
      |      ^~~~
conftest.c:94:1: note: 'sqrt' is declared in header '<math.h>'
   93 | # include <limits.h>
   94 | #else
configure:5989: $? = 0
configure:5989: result: yes
configure:5989: checking for strcasecmp
configure:5989: gcc -o conftest    conftest.c -lm -lpthread -ldl  >&5
conftest.c:107:6: warning: conflicting types for built-in function 'strcasecmp'; expected 'int(const char *, const char *)' [-Wbuiltin-declaration-mismatch]
  107 | char strcasecmp ();
      |      ^~~~~~~~~~
configure:5989: $? = 0
configure:5989: result: yes
configure:5989: checking for strchr
configure:5989: gcc -o conftest    conftest.c -lm -lpthread -ldl  >&5
conftest.c:108:6: warning: conflicting types for built-in function 'strchr'; expected 'char *(const char *, int)' [-Wbuiltin-declaration-mismatch]
  108 | char strchr ();
      |      ^~~~~~
conftest.c:96:1: note: 'strchr' is declared in header '<string.h>'
   95 | # include <limits.h>
   96 | #else
configure:5989: $? = 0
configure:5989: result: yes
configure:5989: checking for strcspn
configure:5989: gcc -o conftest    conftest.c -lm -lpthread -ldl  >&5
conftest.c:109:6: warning: conflicting types for built-in function 'strcspn'; expected 'long unsigned int(const char *, const char *)' [-Wbuiltin-declaration-mismatch]
  109 | char strcspn ();
      |      ^~~~~~~
conftest.c:97:1: note: 'strcspn' is declared in header '<string.h>'
   96 | # include <limits.h>
   97 | #else
configure:5989: $? = 0
configure:5989: result: yes
configure:5989: checking for strdup
configure:5989: gcc -o conftest    conftest.c -lm -lpthread -ldl  >&5
conftest.c:110:6: warning: conflicting types for built-in function 'strdup'; expected 'char *(const char *)' [-Wbuiltin-declaration-mismatch]
  110 | char strdup ();
      |      ^~~~~~
configure:5989: $? = 0
configure:5989: result: yes
configure:5989: checking for strerror
configure:5989: gcc -o conftest    conftest.c -lm -lpthread -ldl  >&5
configure:5989: $? = 0
configure:5989: result: yes
configure:5989: checking for strncasecmp
configure:5989: gcc -o conftest    conftest.c -lm -lpthread -ldl  >&5
conftest.c:112:6: warning: conflicting types for built-in function 'strncasecmp'; expected 'int(const char *, const char *, long unsigned int)' [-Wbuiltin-declaration-mismatch]
  112 | char strncasecmp ();
      |      ^~~~~~~~~~~
configure:5989: $? = 0
configure:5989: result: yes
configure:5989: checking for strpbrk
configure:5989: gcc -o conftest    conftest.c -lm -lpthread -ldl  >&5
conftest.c:113:6: warning: conflicting types for built-in function 'strpbrk'; expected 'char *(const char *, const char *)' [-Wbuiltin-declaration-mismatch]
  113 | char strpbrk ();
      |      ^~~~~~~
conftest.c:101:1: note: 'strpbrk' is declared in header '<string.h>'
  100 | # include <limits.h>
  101 | #else
configure:5989: $? = 0
configure:5989: result: yes
configure:5989: checking for strrchr
configure:5989: gcc -o conftest    conftest.c -lm -lpthread -ldl  >&5
conftest.c:114:6: warning: conflicting types for built-in function 'strrchr'; expected 'char *(const char *, int)' [-Wbuiltin-declaration-mismatch]
  114 | char strrchr ();
      |      ^~~~~~~
conftest.c:102:1: note: 'strrchr' is declared in header '<string.h>'
  101 | # include <limits.h>
  102 | #else
configure:5989: $? = 0
configure:5989: result: yes
configure:5989: checking for strspn
configure:5989: gcc -o conftest    conftest.c -lm -lpthread -ldl  >&5
conftest.c:115:6: warning: conflicting types for built-in function 'strspn'; expected 'long unsigned int(const char *, const char *)' [-Wbuiltin-declaration-mismatch]
  115 | char strspn ();
      |      ^~~~~~
conftest.c:103:1: note: 'strspn' is declared in header '<string.h>'
  102 | # include <limits.h>
  103 | #else
configure:5989: $? = 0
configure:5989: result: yes
configure:5989: checking for strstr
configure:5989: gcc -o conftest    conftest.c -lm -lpthread -ldl  >&5
conftest.c:116:6: warning: conflicting types for built-in function 'strstr'; expected 'char *(const char *, const char *)' [-Wbuiltin-declaration-mismatch]
  116 | char strstr ();
      |      ^~~~~~
conftest.c:104:1: note: 'strstr' is declared in header '<string.h>'
  103 | # include <limits.h>
  104 | #else
configure:5989: $? = 0
configure:5989: result: yes
configure:5989: checking for strtol
configure:5989: gcc -o conftest    conftest.c -lm -lpthread -ldl  >&5
configure:5989: $? = 0
configure:5989: result: yes
configure:5989: checking for strtoul
configure:5989: gcc -o conftest    conftest.c -lm -lpthread -ldl  >&5
configure:5989: $? = 0
configure:5989: result: yes
configure:5999: checking whether byte ordering is bigendian
configure:6014: gcc -c   conftest.c >&5
conftest.c:97:9: error: unknown type name 'not'
   97 |         not a universal capable compiler
      |         ^~~
conftest.c:97:15: error: expected '=', ',', ';', 'asm' or '__attribute__' before 'universal'
   97 |         not a universal capable compiler
      |               ^~~~~~~~~
conftest.c:97:15: error: unknown type name 'universal'
configure:6014: $? = 1
configure: failed program was:
| /* confdefs.h */
| #define PACKAGE_NAME "vscpl1drv-socketcan"
| #define PACKAGE_TARNAME "vscpl1drv-socketcan"
| #define PACKAGE_VERSION "1.1.0"
| #define PACKAGE_STRING "vscpl1drv-socketcan 1.1.0"
| #define PACKAGE_BUGREPORT "akhe@grodansparadis.com"
| #define PACKAGE_URL ""
| #define NDEBUG /**/
| #define HAVE_LIBDL 1
| #define HAVE_LIBPTHREAD 1
| #define HAVE_LIBM 1
| #define HAVE_DIRENT_H 1
| #define STDC_HEADERS 1
| #define HAVE_SYS_WAIT_H 1
| #define HAVE_SYS_TYPES_H 1
| #define HAVE_SYS_STAT_H 1
| #define HAVE_STDLIB_H 1
| #define HAVE_STRING_H 1
| #define HAVE_MEMORY_H 1
| #define HAVE_STRINGS_H 1
| #define HAVE_INTTYPES_H 1
| #define HAVE_STDINT_H 1
| #define HAVE_UNISTD_H 1
| #define HAVE_ARPA_INET_H 1
| #define HAVE_FCNTL_H 1
| #define HAVE_INTTYPES_H 1
| #define HAVE_LIMITS_H 1
| #define HAVE_LOCALE_H 1
| #define HAVE_NETDB_H 1
| #define HAVE_NETINET_IN_H 1
| #define HAVE_SGTTY_H 1
| #define HAVE_STDDEF_H 1
| #define HAVE_STDINT_H 1
| #define HAVE_STDLIB_H 1
| #define HAVE_STRING_H 1
| #define HAVE_STRINGS_H 1
| #define HAVE_SYS_FILE_H 1
| #define HAVE_SYS_IOCTL_H 1
| #define HAVE_SYS_SOCKET_H 1
| #define HAVE_SYS_TIME_H 1
| #define HAVE_SYS_TIMEB_H 1
| #define HAVE_SYSLOG_H 1
| #define HAVE_TERMIOS_H 1
| #define HAVE_UNISTD_H 1
| #define HAVE_OPENSSL_MD5_H 1
| #define HAVE__BOOL 1
| #define HAVE_STDBOOL_H 1
| #define TIME_WITH_SYS_TIME 1
| #define HAVE_FORK 1
| #define HAVE_VFORK 1
| #define HAVE_WORKING_VFORK 1
| #define HAVE_WORKING_FORK 1
| #define HAVE_STDLIB_H 1
| #define HAVE_MALLOC 1
| #define HAVE_STDLIB_H 1
| #define HAVE_REALLOC 1
| #define HAVE_SYS_SELECT_H 1
| #define HAVE_SYS_SOCKET_H 1
| #define SELECT_TYPE_ARG1 int
| #define SELECT_TYPE_ARG234 (fd_set *)
| #define SELECT_TYPE_ARG5 (struct timeval *)
| #define RETSIGTYPE void
| #define LSTAT_FOLLOWS_SLASHED_SYMLINK 1
| #define HAVE_STRFTIME 1
| #define HAVE_VPRINTF 1
| #define HAVE_ALARM 1
| #define HAVE_BZERO 1
| #define HAVE_DUP2 1
| #define HAVE_FLOOR 1
| #define HAVE_GETHOSTBYNAME 1
| #define HAVE_GETHOSTNAME 1
| #define HAVE_GETTIMEOFDAY 1
| #define HAVE_INET_NTOA 1
| #define HAVE_MEMCHR 1
| #define HAVE_MEMMOVE 1
| #define HAVE_MEMSET 1
| #define HAVE_MKFIFO 1
| #define HAVE_POW 1
| #define HAVE_SELECT 1
| #define HAVE_SETLOCALE 1
| #define HAVE_SOCKET 1
| #define HAVE_SQRT 1
| #define HAVE_STRCASECMP 1
| #define HAVE_STRCHR 1
| #define HAVE_STRCSPN 1
| #define HAVE_STRDUP 1
| #define HAVE_STRERROR 1
| #define HAVE_STRNCASECMP 1
| #define HAVE_STRPBRK 1
| #define HAVE_STRRCHR 1
| #define HAVE_STRSPN 1
| #define HAVE_STRSTR 1
| #define HAVE_STRTOL 1
| #define HAVE_STRTOUL 1
| /* end confdefs.h.  */
| #ifndef __APPLE_CC__
| 	       not a universal capable compiler
| 	     #endif
| 	     typedef int dummy;
| 
configure:6059: gcc -c   conftest.c >&5
configure:6059: $? = 0
configure:6077: gcc -c   conftest.c >&5
conftest.c: In function 'main':
conftest.c:103:4: error: unknown type name 'not'; did you mean 'ino_t'?
  103 |    not big endian
      |    ^~~
      |    ino_t
conftest.c:103:12: error: expected '=', ',', ';', 'asm' or '__attribute__' before 'endian'
  103 |    not big endian
      |            ^~~~~~
configure:6077: $? = 1
configure: failed program was:
| /* confdefs.h */
| #define PACKAGE_NAME "vscpl1drv-socketcan"
| #define PACKAGE_TARNAME "vscpl1drv-socketcan"
| #define PACKAGE_VERSION "1.1.0"
| #define PACKAGE_STRING "vscpl1drv-socketcan 1.1.0"
| #define PACKAGE_BUGREPORT "akhe@grodansparadis.com"
| #define PACKAGE_URL ""
| #define NDEBUG /**/
| #define HAVE_LIBDL 1
| #define HAVE_LIBPTHREAD 1
| #define HAVE_LIBM 1
| #define HAVE_DIRENT_H 1
| #define STDC_HEADERS 1
| #define HAVE_SYS_WAIT_H 1
| #define HAVE_SYS_TYPES_H 1
| #define HAVE_SYS_STAT_H 1
| #define HAVE_STDLIB_H 1
| #define HAVE_STRING_H 1
| #define HAVE_MEMORY_H 1
| #define HAVE_STRINGS_H 1
| #define HAVE_INTTYPES_H 1
| #define HAVE_STDINT_H 1
| #define HAVE_UNISTD_H 1
| #define HAVE_ARPA_INET_H 1
| #define HAVE_FCNTL_H 1
| #define HAVE_INTTYPES_H 1
| #define HAVE_LIMITS_H 1
| #define HAVE_LOCALE_H 1
| #define HAVE_NETDB_H 1
| #define HAVE_NETINET_IN_H 1
| #define HAVE_SGTTY_H 1
| #define HAVE_STDDEF_H 1
| #define HAVE_STDINT_H 1
| #define HAVE_STDLIB_H 1
| #define HAVE_STRING_H 1
| #define HAVE_STRINGS_H 1
| #define HAVE_SYS_FILE_H 1
| #define HAVE_SYS_IOCTL_H 1
| #define HAVE_SYS_SOCKET_H 1
| #define HAVE_SYS_TIME_H 1
| #define HAVE_SYS_TIMEB_H 1
| #define HAVE_SYSLOG_H 1
| #define HAVE_TERMIOS_H 1
| #define HAVE_UNISTD_H 1
| #define HAVE_OPENSSL_MD5_H 1
| #define HAVE__BOOL 1
| #define HAVE_STDBOOL_H 1
| #define TIME_WITH_SYS_TIME 1
| #define HAVE_FORK 1
| #define HAVE_VFORK 1
| #define HAVE_WORKING_VFORK 1
| #define HAVE_WORKING_FORK 1
| #define HAVE_STDLIB_H 1
| #define HAVE_MALLOC 1
| #define HAVE_STDLIB_H 1
| #define HAVE_REALLOC 1
| #define HAVE_SYS_SELECT_H 1
| #define HAVE_SYS_SOCKET_H 1
| #define SELECT_TYPE_ARG1 int
| #define SELECT_TYPE_ARG234 (fd_set *)
| #define SELECT_TYPE_ARG5 (struct timeval *)
| #define RETSIGTYPE void
| #define LSTAT_FOLLOWS_SLASHED_SYMLINK 1
| #define HAVE_STRFTIME 1
| #define HAVE_VPRINTF 1
| #define HAVE_ALARM 1
| #define HAVE_BZERO 1
| #define HAVE_DUP2 1
| #define HAVE_FLOOR 1
| #define HAVE_GETHOSTBYNAME 1
| #define HAVE_GETHOSTNAME 1
| #define HAVE_GETTIMEOFDAY 1
| #define HAVE_INET_NTOA 1
| #define HAVE_MEMCHR 1
| #define HAVE_MEMMOVE 1
| #define HAVE_MEMSET 1
| #define HAVE_MKFIFO 1
| #define HAVE_POW 1
| #define HAVE_SELECT 1
| #define HAVE_SETLOCALE 1
| #define HAVE_SOCKET 1
| #define HAVE_SQRT 1
| #define HAVE_STRCASECMP 1
| #define HAVE_STRCHR 1
| #define HAVE_STRCSPN 1
| #define HAVE_STRDUP 1
| #define HAVE_STRERROR 1
| #define HAVE_STRNCASECMP 1
| #define HAVE_STRPBRK 1
| #define HAVE_STRRCHR 1
| #define HAVE_STRSPN 1
| #define HAVE_STRSTR 1
| #define HAVE_STRTOL 1
| #define HAVE_STRTOUL 1
| /* end confdefs.h.  */
| #include <sys/types.h>
| 		#include <sys/param.h>
| 
| int
| main ()
| {
| #if BYTE_ORDER != BIG_ENDIAN
| 		 not big endian
| 		#endif
| 
|   ;
|   return 0;
| }
configure:6205: result: no
configure:6231: checking size of long
configure:6236: gcc -o conftest    conftest.c -lm -lpthread -ldl  >&5
configure:6236: $? = 0
configure:6236: ./conftest
configure:6236: $? = 0
configure:6250: result: 8
configure:6414: creating ./config.status

## ---------------------- ##
## Running config.status. ##
## ---------------------- ##

This file was extended by vscpl1drv-socketcan config.status '1.1.0', which was
generated by GNU Autoconf 2.69.  Invocation command line was

  CONFIG_FILES    = 
  CONFIG_HEADERS  = 
  CONFIG_LINKS    = 
  CONFIG_COMMANDS = 
  $ ./config.status 

on fluorine

config.status:902: creating Makefile
config.status:902: creating m4/Makefile
config.status:902: creating linux/Makefile
config.status:902: creating config.h
config.status:1077: config.h is unchanged

## ---------------- ##
## Cache variables. ##
## ---------------- ##

ac_cv_c_bigendian=no
ac_cv_c_compiler_gnu=yes
ac_cv_c_const=yes
ac_cv_c_inline=inline
ac_cv_c_volatile=yes
ac_cv_cxx_compiler_gnu=yes
ac_cv_env_CCC_set=
ac_cv_env_CCC_value=
ac_cv_env_CC_set=
ac_cv_env_CC_value=
ac_cv_env_CFLAGS_set=
ac_cv_env_CFLAGS_value=
ac_cv_env_CPPFLAGS_set=
ac_cv_env_CPPFLAGS_value=
ac_cv_env_CPP_set=
ac_cv_env_CPP_value=
ac_cv_env_CXXFLAGS_set=
ac_cv_env_CXXFLAGS_value=
ac_cv_env_CXX_set=
ac_cv_env_CXX_value=
ac_cv_env_DESTDIR_set=
ac_cv_env_DESTDIR_value=
ac_cv_env_LDFLAGS_set=
ac_cv_env_LDFLAGS_value=
ac_cv_env_LIBS_set=
ac_cv_env_LIBS_value=
ac_cv_env_YACC_set=
ac_cv_env_YACC_value=
ac_cv_env_YFLAGS_set=
ac_cv_env_YFLAGS_value=
ac_cv_env_build_alias_set=
ac_cv_env_build_alias_value=
ac_cv_env_host_alias_set=
ac_cv_env_host_alias_value=
ac_cv_env_target_alias_set=
ac_cv_env_target_alias_value=
ac_cv_func__doprnt=no
ac_cv_func_alarm=yes
ac_cv_func_bzero=yes
ac_cv_func_dup2=yes
ac_cv_func_floor=yes
ac_cv_func_fork=yes
ac_cv_func_fork_works=yes
ac_cv_func_gethostbyname=yes
ac_cv_func_gethostname=yes
ac_cv_func_gethrtime=no
ac_cv_func_gettimeofday=yes
ac_cv_func_inet_ntoa=yes
ac_cv_func_lstat_dereferences_slashed_symlink=yes
ac_cv_func_malloc_0_nonnull=yes
ac_cv_func_memchr=yes
ac_cv_func_memcmp_working=yes
ac_cv_func_memmove=yes
ac_cv_func_memset=yes
ac_cv_func_mkfifo=yes
ac_cv_func_pow=yes
ac_cv_func_realloc_0_nonnull=yes
ac_cv_func_select=yes
ac_cv_func_select_args='int,fd_set *,struct timeval *'
ac_cv_func_setlocale=yes
ac_cv_func_setvbuf_reversed=no
ac_cv_func_socket=yes
ac_cv_func_sqrt=yes
ac_cv_func_stat_empty_string_bug=no
ac_cv_func_strcasecmp=yes
ac_cv_func_strchr=yes
ac_cv_func_strcspn=yes
ac_cv_func_strdup=yes
ac_cv_func_strerror=yes
ac_cv_func_strftime=yes
ac_cv_func_strncasecmp=yes
ac_cv_func_strpbrk=yes
ac_cv_func_strrchr=yes
ac_cv_func_strspn=yes
ac_cv_func_strstr=yes
ac_cv_func_strtod=yes
ac_cv_func_strtol=yes
ac_cv_func_strtoul=yes
ac_cv_func_vfork=yes
ac_cv_func_vfork_works=yes
ac_cv_func_vprintf=yes
ac_cv_header_OS_h=no
ac_cv_header_arpa_inet_h=yes
ac_cv_header_dirent_dirent_h=yes
ac_cv_header_fcntl_h=yes
ac_cv_header_inttypes_h=yes
ac_cv_header_limits_h=yes
ac_cv_header_locale_h=yes
ac_cv_header_memory_h=yes
ac_cv_header_netdb_h=yes
ac_cv_header_netinet_in_h=yes
ac_cv_header_openssl_md5_h=yes
ac_cv_header_sgtty_h=yes
ac_cv_header_stdbool_h=yes
ac_cv_header_stdc=yes
ac_cv_header_stddef_h=yes
ac_cv_header_stdint_h=yes
ac_cv_header_stdlib_h=yes
ac_cv_header_string_h=yes
ac_cv_header_strings_h=yes
ac_cv_header_sys_file_h=yes
ac_cv_header_sys_ioctl_h=yes
ac_cv_header_sys_select_h=yes
ac_cv_header_sys_socket_h=yes
ac_cv_header_sys_stat_h=yes
ac_cv_header_sys_time_h=yes
ac_cv_header_sys_timeb_h=yes
ac_cv_header_sys_types_h=yes
ac_cv_header_sys_wait_h=yes
ac_cv_header_syslog_h=yes
ac_cv_header_termios_h=yes
ac_cv_header_time=yes
ac_cv_header_unistd_h=yes
ac_cv_header_vfork_h=no
ac_cv_lib_dl_dlsym=yes
ac_cv_lib_m_sin=yes
ac_cv_lib_pthread_pthread_create=yes
ac_cv_objext=o
ac_cv_path_EGREP='/usr/bin/grep -E'
ac_cv_path_GREP=/usr/bin/grep
ac_cv_path_install='/usr/bin/install -c'
ac_cv_prog_AWK=mawk
ac_cv_prog_CPP='gcc -E'
ac_cv_prog_ac_ct_CC=gcc
ac_cv_prog_ac_ct_CXX=g++
ac_cv_prog_ac_ct_RANLIB=ranlib
ac_cv_prog_cc_c89=
ac_cv_prog_cc_g=yes
ac_cv_prog_cxx_g=yes
ac_cv_prog_gcc_traditional=no
ac_cv_prog_make_make_set=yes
ac_cv_search_opendir='none required'
ac_cv_sizeof_long=8
ac_cv_struct_tm=time.h
ac_cv_type__Bool=yes
ac_cv_type_mode_t=yes
ac_cv_type_off_t=yes
ac_cv_type_pid_t=yes
ac_cv_type_signal=void
ac_cv_type_size_t=yes

## ----------------- ##
## Output variables. ##
## ----------------- ##

AWK='mawk'
BUILD_VERSION='0'
CC='gcc'
CFLAGS=''
CPP='gcc -E'
CPPFLAGS=''
CXX='g++'
CXXFLAGS=''
DEFS='-DHAVE_CONFIG_H'
DESTDIR='/var/lib/vscp'
ECHO_C=''
ECHO_N='-n'
ECHO_T=''
EGREP='/usr/bin/grep -E'
EXEEXT=''
EXTRALIBS=''
GREP='/usr/bin/grep'
INSTALL_DATA='${INSTALL} -m 644'
INSTALL_PROGRAM='${INSTALL}'
INSTALL_SCRIPT='${INSTALL}'
LDFLAGS=''
LEX=':'
LEXLIB=''
LEX_OUTPUT_ROOT=''
LIBOBJS=''
LIBS='-lm -lpthread -ldl '
LN_S='ln -s'
LTLIBOBJS=''
MAJOR_VERSION='1'
MINOR_VERSION='1'
OBJEXT='o'
PACKAGE_BUGREPORT='akhe@grodansparadis.com'
PACKAGE_NAME='vscpl1drv-socketcan'
PACKAGE_STRING='vscpl1drv-socketcan 1.1.0'
PACKAGE_TARNAME='vscpl1drv-socketcan'
PACKAGE_URL=''
PACKAGE_VERSION='1.1.0'
PATH_SEPARATOR=':'
POW_LIB=''
PROJ_SUBDIRS='linux '
RANLIB='ranlib'
RELEASE_VERSION='0'
SET_MAKE=''
SHELL='/bin/bash'
STATIC='no'
YACC='yacc'
YFLAGS=''
ac_ct_CC='gcc'
ac_ct_CXX='g++'
bindir='${exec_prefix}/bin'
build_alias=''
datadir='${datarootdir}'
datarootdir='${prefix}/share'
docdir='${datarootdir}/doc/${PACKAGE_TARNAME}'
dvidir='${docdir}'
exec_prefix='${prefix}'
host_alias=''
htmldir='${docdir}'
includedir='${prefix}/include'
infodir='${datarootdir}/info'
libdir='${exec_prefix}/lib'
libexecdir='${exec_prefix}/libexec'
localedir='${datarootdir}/locale'
localstatedir='${prefix}/var'
mandir='${datarootdir}/man'
oldincludedir='/usr/include'
pdfdir='${docdir}'
prefix='/usr/local'
program_transform_name='s,x,x,'
psdir='${docdir}'
runstatedir='${localstatedir}/run'
sbindir='${exec_prefix}/sbin'
sharedstatedir='${prefix}/com'
sysconfdir='${prefix}/etc'
target_alias=''

## ----------- ##
## confdefs.h. ##
## ----------- ##

/* confdefs.h */
#define PACKAGE_NAME "vscpl1drv-socketcan"
#define PACKAGE_TARNAME "vscpl1drv-socketcan"
#define PACKAGE_VERSION "1.1.0"
#define PACKAGE_STRING "vscpl1drv-socketcan 1.1.0"
#define PACKAGE_BUGREPORT "akhe@grodansparadis.com"
#define PACKAGE_URL ""
#define NDEBUG /**/
#define HAVE_LIBDL 1
#define HAVE_LIBPTHREAD 1
#define HAVE_LIBM 1
#define HAVE_DIRENT_H 1
#define STDC_HEADERS 1
#define HAVE_SYS_WAIT_H 1
#define HAVE_SYS_TYPES_H 1
#define HAVE_SYS_STAT_H 1
#define HAVE_STDLIB_H 1
#define HAVE_STRING_H 1
#define HAVE_MEMORY_H 1
#define HAVE_STRINGS_H 1
#define HAVE_INTTYPES_H 1
#define HAVE_STDINT_H 1
#define HAVE_UNISTD_H 1
#define HAVE_ARPA_INET_H 1
#define HAVE_FCNTL_H 1
#define HAVE_INTTYPES_H 1
#define HAVE_LIMITS_H 1
#define HAVE_LOCALE_H 1
#define HAVE_NETDB_H 1
#define HAVE_NETINET_IN_H 1
#define HAVE_SGTTY_H 1
#define HAVE_STDDEF_H 1
#define HAVE_STDINT_H 1
#define HAVE_STDLIB_H 1
#define HAVE_STRING_H 1
#define HAVE_STRINGS_H 1
#define HAVE_SYS_FILE_H 1
#define HAVE_SYS_IOCTL_H 1
#define HAVE_SYS_SOCKET_H 1
#define HAVE_SYS_TIME_H 1
#define HAVE_SYS_TIMEB_H 1
#define HAVE_SYSLOG_H 1
#define HAVE_TERMIOS_H 1
#define HAVE_UNISTD_H 1
#define HAVE_OPENSSL_MD5_H 1
#define HAVE__BOOL 1
#define HAVE_STDBOOL_H 1
#define TIME_WITH_SYS_TIME 1
#define HAVE_FORK 1
#define HAVE_VFORK 1
#define HAVE_WORKING_VFORK 1
#define HAVE_WORKING_FORK 1
#define HAVE_STDLIB_H 1
#define HAVE_MALLOC 1
#define HAVE_STDLIB_H 1
#define HAVE_REALLOC 1
#define HAVE_SYS_SELECT_H 1
#define HAVE_SYS_SOCKET_H 1
#define SELECT_TYPE_ARG1 int
#define SELECT_TYPE_ARG234 (fd_set *)
#define SELECT_TYPE_ARG5 (struct timeval *)
#define RETSIGTYPE void
#define LSTAT_FOLLOWS_SLASHED_SYMLINK 1
#define HAVE_STRFTIME 1
#define HAVE_VPRINTF 1
#define HAVE_ALARM 1
#define HAVE_BZERO 1
#define HAVE_DUP2 1
#define HAVE_FLOOR 1
#define HAVE_GETHOSTBYNAME 1
#define HAVE_GETHOSTNAME 1
#define HAVE_GETTIMEOFDAY 1
#define HAVE_INET_NTOA 1
#define HAVE_MEMCHR 1
#define HAVE_MEMMOVE 1
#define HAVE_MEMSET 1
#define HAVE_MKFIFO 1
#define HAVE_POW 1
#define HAVE_SELECT 1
#define HAVE_SETLOCALE 1
#define HAVE_SOCKET 1
#define HAVE_SQRT 1
#define HAVE_STRCASECMP 1
#define HAVE_STRCHR 1
#define HAVE_STRCSPN 1
#define HAVE_STRDUP 1
#define HAVE_STRERROR 1
#define HAVE_STRNCASECMP 1
#define HAVE_STRPBRK 1
#define HAVE_STRRCHR 1
#define HAVE_STRSPN 1
#define HAVE_STRSTR 1
#define HAVE_STRTOL 1
#define HAVE_STRTOUL 1
#define WORDS_BIGENDIAN 0
#define SIZEOF_LONG 8
#define OSBIT 64

configure: exit 0
